<?xml version="1.0" encoding="UTF-8"?>
<!-- Generated by org.testng.reporters.JUnitReportReporter -->
<testsuite hostname="Mohan-AsusLaptop" failures="0" tests="1" name="seleniummaven.github.UITest" time="14.021" errors="0" timestamp="2021-09-11T16:01:55 IST" skipped="0">
  <testcase classname="seleniummaven.github.UITest" name="startBrowser" time="14.021"/>
  <system-out/>
</testsuite> <!-- seleniummaven.github.UITest -->
