<?xml version="1.0" encoding="UTF-8"?>
<!-- Generated by org.testng.reporters.JUnitReportReporter -->
<testsuite skipped="0" hostname="Mohan-AsusLaptop" name="seleniummaven.github.UITest" tests="1" failures="0" timestamp="2021-09-11T19:17:33 IST" time="9.252" errors="0">
  <testcase name="startBrowser" time="9.252" classname="seleniummaven.github.UITest"/>
  <system-out/>
</testsuite> <!-- seleniummaven.github.UITest -->
